#
# A fatal error has been detected by the Java Runtime Environment:
#
#  EXCEPTION_ACCESS_VIOLATION (0xc0000005) at pc=0x000000005f274419, pid=3320, tid=7716
#
# JRE version: Java(TM) SE Runtime Environment (7.0_51-b13) (build 1.7.0_51-b13)
# Java VM: Java HotSpot(TM) 64-Bit Server VM (24.51-b03 mixed mode windows-amd64 compressed oops)
# Problematic frame:
# V  [jvm.dll+0x54419]
#
# Failed to write core dump. Minidumps are not enabled by default on client versions of Windows
#
# If you would like to submit a bug report, please visit:
#   http://bugreport.sun.com/bugreport/crash.jsp
#

---------------  T H R E A D  ---------------

Current thread (0x000000000a3f4800):  JavaThread "JDWP Transport Listener: dt_socket" daemon [_thread_in_vm, id=7716, stack(0x000000000b9a0000,0x000000000baa0000)]

siginfo: ExceptionCode=0xc0000005, reading address 0x000000000000000c

Registers:
RAX=0x000000000000000c, RBX=0x000000000a3f4800, RCX=0x0000000000000000, RDX=0x0000000000000000
RSP=0x000000000ba9f2d0, RBP=0x000000000000000c, RSI=0x0000000000000000, RDI=0x0000000000000010
R8 =0x00000000e04aa5f0, R9 =0x0000000000000000, R10=0x0000000000000000, R11=0x0000000000000001
R12=0x0000000000000000, R13=0x000000000a3edf68, R14=0x0000000000000000, R15=0x0000000000000000
RIP=0x000000005f274419, EFLAGS=0x0000000000010246

Top of Stack: (sp=0x000000000ba9f2d0)
0x000000000ba9f2d0:   000000000a3f4800 0000000000000000
0x000000000ba9f2e0:   0000000000000000 000000000a3f4800
0x000000000ba9f2f0:   0000000000000000 000000005f33b2b7
0x000000000ba9f300:   00000000e04aa5f0 000000000ba9f420
0x000000000ba9f310:   000000000a3f5078 000000000ba9f3f0
0x000000000ba9f320:   000000000a3f4800 0000000000000000
0x000000000ba9f330:   000000000a3f5078 000000000ba9f420
0x000000000ba9f340:   0000000000000000 000000000a3edf68
0x000000000ba9f350:   0000000000000000 0000000061bb7d15
0x000000000ba9f360:   000000000ba9f3f0 000000000ba9f420
0x000000000ba9f370:   000000000a3f5078 000000000a3f49e8
0x000000000ba9f380:   000000000a43a30a 0000000061bbf08c
0x000000000ba9f390:   000000000a010a01 000000000ba9f490
0x000000000ba9f3a0:   000000000a3edb01 000000000a3edb01
0x000000000ba9f3b0:   000003da00000013 000000000a010a00
0x000000000ba9f3c0:   000000000a409a80 000000005f3ece6d 

Instructions: (pc=0x000000005f274419)
0x000000005f2743f9:   d2 48 8b c5 eb 18 48 8b d0 48 8b c5 48 d3 e2 48
0x000000005f274409:   03 15 a1 74 69 00 eb 06 48 8b 12 48 8b c7 48 98
0x000000005f274419:   8b 14 10 85 d2 74 2a 45 84 db 4c 63 c6 48 0f 45
0x000000005f274429:   fd 8d 47 0b 48 63 c8 48 83 e1 f8 48 c1 e9 03 8d 


Register to memory mapping:

RAX=0x000000000000000c is an unknown value
RBX=0x000000000a3f4800 is a thread
RCX=0x0000000000000000 is an unknown value
RDX=0x0000000000000000 is an unknown value
RSP=0x000000000ba9f2d0 is pointing into the stack for thread: 0x000000000a3f4800
RBP=0x000000000000000c is an unknown value
RSI=0x0000000000000000 is an unknown value
RDI=0x0000000000000010 is an unknown value
R8 =0x00000000e04aa5f0 is an oop
java.lang.String 
 - klass: 'java/lang/String'
R9 =0x0000000000000000 is an unknown value
R10=0x0000000000000000 is an unknown value
R11=0x0000000000000001 is an unknown value
R12=0x0000000000000000 is an unknown value
R13=0x000000000a3edf68 is an unknown value
R14=0x0000000000000000 is an unknown value
R15=0x0000000000000000 is an unknown value


Stack: [0x000000000b9a0000,0x000000000baa0000],  sp=0x000000000ba9f2d0,  free space=1020k
Native frames: (J=compiled Java code, j=interpreted, Vv=VM code, C=native code)
V  [jvm.dll+0x54419]


---------------  P R O C E S S  ---------------

Java Threads: ( => current thread )
  0x000000000a41d000 JavaThread "Service Thread" daemon [_thread_blocked, id=3868, stack(0x000000000bed0000,0x000000000bfd0000)]
  0x000000000a41c000 JavaThread "C2 CompilerThread1" daemon [_thread_blocked, id=396, stack(0x000000000bdd0000,0x000000000bed0000)]
  0x000000000a41a800 JavaThread "C2 CompilerThread0" daemon [_thread_blocked, id=7872, stack(0x000000000bcd0000,0x000000000bdd0000)]
  0x000000000a405000 JavaThread "JDWP Command Reader" daemon [_thread_in_native, id=3528, stack(0x000000000bbd0000,0x000000000bcd0000)]
  0x000000000a403800 JavaThread "JDWP Event Helper Thread" daemon [_thread_blocked, id=2604, stack(0x000000000bad0000,0x000000000bbd0000)]
=>0x000000000a3f4800 JavaThread "JDWP Transport Listener: dt_socket" daemon [_thread_in_vm, id=7716, stack(0x000000000b9a0000,0x000000000baa0000)]
  0x000000000a3ee800 JavaThread "Attach Listener" daemon [_thread_blocked, id=5660, stack(0x000000000b850000,0x000000000b950000)]
  0x000000000a3eb800 JavaThread "Signal Dispatcher" daemon [_thread_blocked, id=5028, stack(0x000000000b750000,0x000000000b850000)]
  0x000000000a3a0000 JavaThread "Finalizer" daemon [_thread_blocked, id=4068, stack(0x000000000b650000,0x000000000b750000)]
  0x000000000a394000 JavaThread "Reference Handler" daemon [_thread_blocked, id=6504, stack(0x000000000b550000,0x000000000b650000)]
  0x00000000012fd800 JavaThread "main" [_thread_blocked, id=4120, stack(0x0000000003100000,0x0000000003200000)]

Other Threads:
  0x000000000a390800 VMThread [stack: 0x000000000b450000,0x000000000b550000] [id=2804]
  0x000000000a43a800 WatcherThread [stack: 0x000000000bfd0000,0x000000000c0d0000] [id=3128]

VM state:not at safepoint (normal execution)

VM Mutex/Monitor currently owned by a thread: None

Heap
 PSYoungGen      total 28672K, used 1490K [0x00000000e0400000, 0x00000000e2400000, 0x0000000100000000)
  eden space 24576K, 6% used [0x00000000e0400000,0x00000000e0574be0,0x00000000e1c00000)
  from space 4096K, 0% used [0x00000000e2000000,0x00000000e2000000,0x00000000e2400000)
  to   space 4096K, 0% used [0x00000000e1c00000,0x00000000e1c00000,0x00000000e2000000)
 ParOldGen       total 65024K, used 0K [0x00000000a0c00000, 0x00000000a4b80000, 0x00000000e0400000)
  object space 65024K, 0% used [0x00000000a0c00000,0x00000000a0c00000,0x00000000a4b80000)
 PSPermGen       total 21504K, used 2546K [0x000000009ba00000, 0x000000009cf00000, 0x00000000a0c00000)
  object space 21504K, 11% used [0x000000009ba00000,0x000000009bc7cae8,0x000000009cf00000)

Card table byte_map: [0x00000000063c0000,0x00000000066f0000] byte_map_base: 0x0000000005ee3000

Polling page: 0x0000000002d90000

Code Cache  [0x0000000003300000, 0x0000000003570000, 0x0000000006300000)
 total_blobs=162 nmethods=0 adapters=138 free_code_cache=48774Kb largest_free_block=49944704

Compilation events (0 events):
No events

GC Heap History (0 events):
No events

Deoptimization events (0 events):
No events

Internal exceptions (2 events):
Event: 0.034 Thread 0x00000000012fd800 Threw 0x00000000e0410778 at C:\re\jdk7u51\527\hotspot\src\share\vm\prims\jni.cpp:3991
Event: 0.203 Thread 0x00000000012fd800 Threw 0x00000000e04960f0 at C:\re\jdk7u51\527\hotspot\src\share\vm\prims\jvm.cpp:1244

Events (10 events):
Event: 84.682 Executing VM operation: GetCurrentLocation
Event: 84.682 Executing VM operation: GetCurrentLocation done
Event: 84.682 Executing VM operation: ChangeSingleStep
Event: 84.682 Executing VM operation: ChangeSingleStep done
Event: 84.683 Executing VM operation: ChangeSingleStep
Event: 84.683 Executing VM operation: ChangeSingleStep done
Event: 84.689 Executing VM operation: GetOrSetLocal
Event: 84.689 Executing VM operation: GetOrSetLocal done
Event: 84.709 Executing VM operation: GetOrSetLocal
Event: 84.710 Executing VM operation: GetOrSetLocal done


Dynamic libraries:
0x00007ff72d000000 - 0x00007ff72d033000 	D:\Java\jdk1.7.0_51\bin\javaw.exe
0x00007ffbde5b0000 - 0x00007ffbde759000 	C:\Windows\SYSTEM32\ntdll.dll
0x00007ffbde150000 - 0x00007ffbde289000 	C:\Windows\system32\KERNEL32.DLL
0x00007ffbdba00000 - 0x00007ffbdbb0e000 	C:\Windows\system32\KERNELBASE.dll
0x00007ffbddb20000 - 0x00007ffbddbc5000 	C:\Windows\system32\ADVAPI32.dll
0x00007ffbde290000 - 0x00007ffbde401000 	C:\Windows\system32\USER32.dll
0x00007ffbd9af0000 - 0x00007ffbd9d4a000 	C:\Windows\WinSxS\amd64_microsoft.windows.common-controls_6595b64144ccf1df_6.0.9600.16384_none_62475f7becb72503\COMCTL32.dll
0x00007ffbdc2d0000 - 0x00007ffbdc377000 	C:\Windows\system32\msvcrt.dll
0x00007ffbddfa0000 - 0x00007ffbddff7000 	C:\Windows\SYSTEM32\sechost.dll
0x00007ffbdbe50000 - 0x00007ffbdbf86000 	C:\Windows\system32\RPCRT4.dll
0x00007ffbdc010000 - 0x00007ffbdc155000 	C:\Windows\system32\GDI32.dll
0x00007ffbdc170000 - 0x00007ffbdc1a4000 	C:\Windows\system32\IMM32.DLL
0x00007ffbdc560000 - 0x00007ffbdc699000 	C:\Windows\system32\MSCTF.dll
0x00007ffbdb8e0000 - 0x00007ffbdb912000 	C:\Windows\system32\nvinitx.dll
0x00007ffbdb8d0000 - 0x00007ffbdb8da000 	C:\Windows\SYSTEM32\VERSION.dll
0x000000000f000000 - 0x000000000f006000 	C:\Program Files\NVIDIA Corporation\CoProcManager\_etoured.dll
0x00007ffbd9ab0000 - 0x00007ffbd9ae2000 	C:\Program Files\NVIDIA Corporation\CoProcManager\nvd3d9wrapx.dll
0x00007ffbdddc0000 - 0x00007ffbddf96000 	C:\Windows\system32\SETUPAPI.dll
0x00007ffbdbc10000 - 0x00007ffbdbc5a000 	C:\Windows\system32\CFGMGR32.dll
0x00007ffbd99d0000 - 0x00007ffbd99f2000 	C:\Program Files\NVIDIA Corporation\CoProcManager\nvdxgiwrapx.dll
0x000000005f9f0000 - 0x000000005fac2000 	D:\Java\jdk1.7.0_51\jre\bin\msvcr100.dll
0x000000005f220000 - 0x000000005f9e9000 	D:\Java\jdk1.7.0_51\jre\bin\server\jvm.dll
0x00007ffbca880000 - 0x00007ffbca889000 	C:\Windows\SYSTEM32\WSOCK32.dll
0x00007ffbd6e60000 - 0x00007ffbd6e7f000 	C:\Windows\SYSTEM32\WINMM.dll
0x00007ffbdbe40000 - 0x00007ffbdbe47000 	C:\Windows\system32\PSAPI.DLL
0x00007ffbddab0000 - 0x00007ffbddb08000 	C:\Windows\system32\WS2_32.dll
0x00007ffbd6e30000 - 0x00007ffbd6e5a000 	C:\Windows\SYSTEM32\WINMMBASE.dll
0x00007ffbddbd0000 - 0x00007ffbddbd9000 	C:\Windows\system32\NSI.dll
0x00007ffbda770000 - 0x00007ffbda796000 	C:\Windows\SYSTEM32\DEVOBJ.dll
0x0000000061cc0000 - 0x0000000061ccf000 	D:\Java\jdk1.7.0_51\jre\bin\verify.dll
0x0000000061c90000 - 0x0000000061cb8000 	D:\Java\jdk1.7.0_51\jre\bin\java.dll
0x0000000061bb0000 - 0x0000000061be5000 	D:\Java\jdk1.7.0_51\jre\bin\jdwp.dll
0x000000005f210000 - 0x000000005f218000 	D:\Java\jdk1.7.0_51\jre\bin\npt.dll
0x000000005f1f0000 - 0x000000005f205000 	D:\Java\jdk1.7.0_51\jre\bin\zip.dll
0x000000005f1e0000 - 0x000000005f1e9000 	D:\Java\jdk1.7.0_51\jre\bin\dt_socket.dll
0x00007ffbd31d0000 - 0x00007ffbd31e4000 	C:\Windows\system32\napinsp.dll
0x00007ffbd31b0000 - 0x00007ffbd31c9000 	C:\Windows\system32\pnrpnsp.dll
0x00007ffbd7290000 - 0x00007ffbd72a9000 	C:\Windows\system32\NLAapi.dll
0x00007ffbdb160000 - 0x00007ffbdb1b8000 	C:\Windows\System32\mswsock.dll
0x00007ffbdaf70000 - 0x00007ffbdb013000 	C:\Windows\SYSTEM32\DNSAPI.dll
0x00007ffbd31a0000 - 0x00007ffbd31ac000 	C:\Windows\System32\winrnr.dll
0x0000000061f50000 - 0x0000000061f76000 	C:\Program Files\Bonjour\mdnsNSP.dll
0x00007ffbd6940000 - 0x00007ffbd6969000 	C:\Windows\SYSTEM32\Iphlpapi.DLL
0x00007ffbd6910000 - 0x00007ffbd691a000 	C:\Windows\SYSTEM32\WINNSI.DLL
0x00007ffbd64d0000 - 0x00007ffbd6537000 	C:\Windows\System32\fwpuclnt.dll
0x00007ffbd3800000 - 0x00007ffbd3809000 	C:\Windows\System32\rasadhlp.dll
0x00007ffbd3d80000 - 0x00007ffbd3f08000 	C:\Windows\SYSTEM32\dbghelp.dll

VM Arguments:
jvm_args: -agentlib:jdwp=transport=dt_socket,suspend=y,address=localhost:13377 -Dfile.encoding=UTF-8 
java_command: org.ansj.demo.TextSplit
Launcher Type: SUN_STANDARD

Environment Variables:
JAVA_HOME=D:\Java\jdk1.7.0_51
CLASSPATH=.;JAVA_HOME\lib;JAVA_HOME\lib\tools.jar;F:\apache-ant-1.8.2\lib;
PATH=D:\Java\jdk1.7.0_51\jre\bin;C:\Program Files (x86)\NVIDIA Corporation\PhysX\Common;C:\Windows\system32;C:\Windows;C:\Windows\System32\Wbem;C:\Windows\System32\WindowsPowerShell\v1.0\;C:\Program Files (x86)\Intel\OpenCL SDK\2.0\bin\x86;C:\Program Files (x86)\Intel\OpenCL SDK\2.0\bin\x64;C:\Program Files (x86)\Windows Kits\8.1\Windows Performance Toolkit\;C:\Program Files\Microsoft SQL Server\110\Tools\Binn\;C:\Program Files (x86)\Intel\OpenCL SDK\2.0\bin\x86;C:\Program Files (x86)\Intel\OpenCL SDK\2.0\bin\x64;D:\Matlab\runtime\win64;D:\Matlab\bin;D:\Matlab\polyspace\bin;JAVA_HOME\bin;JAVA_HOME\jre\bin;F:\elasticsearch-1.5.2\bin;F:\apache-maven-3.3.3\bin;F:\apache-ant-1.8.2\bin;F:\apache-tomcat-7.0.62\lib;F:\apache-tomcat-7.0.62\bin;
USERNAME=öÎ
OS=Windows_NT
PROCESSOR_IDENTIFIER=Intel64 Family 6 Model 42 Stepping 7, GenuineIntel



---------------  S Y S T E M  ---------------

OS: Windows 8 , 64 bit Build 9200 

CPU:total 4 (2 cores per cpu, 2 threads per core) family 6 model 42 stepping 7, cmov, cx8, fxsr, mmx, sse, sse2, sse3, ssse3, sse4.1, sse4.2, popcnt, avx, aes, ht, tsc, tscinvbit

Memory: 4k page, physical 6238060k(2493808k free), swap 10418028k(4254952k free)

vm_info: Java HotSpot(TM) 64-Bit Server VM (24.51-b03) for windows-amd64 JRE (1.7.0_51-b13), built on Dec 18 2013 18:40:56 by "java_re" with unknown MS VC++:1600

time: Fri May 29 14:15:02 2015
elapsed time: 85 seconds

